Performing C SOURCE FILE Test CMAKE_HAVE_LIBC_PTHREAD failed with the following output:
Change Dir: /home/robin/slam_learn/ch5/joinMap/build/CMakeFiles/CMakeTmp

Run Build Command(s):/usr/bin/make cmTC_ca6ed/fast && /usr/bin/make -f CMakeFiles/cmTC_ca6ed.dir/build.make CMakeFiles/cmTC_ca6ed.dir/build
make[1]: Entering directory '/home/robin/slam_learn/ch5/joinMap/build/CMakeFiles/CMakeTmp'
Building C object CMakeFiles/cmTC_ca6ed.dir/src.c.o
/usr/lib/ccache/cc   -DCMAKE_HAVE_LIBC_PTHREAD   -o CMakeFiles/cmTC_ca6ed.dir/src.c.o   -c /home/robin/slam_learn/ch5/joinMap/build/CMakeFiles/CMakeTmp/src.c
Linking C executable cmTC_ca6ed
/usr/local/bin/cmake -E cmake_link_script CMakeFiles/cmTC_ca6ed.dir/link.txt --verbose=1
/usr/lib/ccache/cc  -DCMAKE_HAVE_LIBC_PTHREAD    -rdynamic CMakeFiles/cmTC_ca6ed.dir/src.c.o  -o cmTC_ca6ed 
CMakeFiles/cmTC_ca6ed.dir/src.c.o: In function `main':
src.c:(.text+0x3c): undefined reference to `pthread_create'
src.c:(.text+0x48): undefined reference to `pthread_detach'
src.c:(.text+0x59): undefined reference to `pthread_join'
src.c:(.text+0x6d): undefined reference to `pthread_atfork'
collect2: error: ld returned 1 exit status
CMakeFiles/cmTC_ca6ed.dir/build.make:86: recipe for target 'cmTC_ca6ed' failed
make[1]: *** [cmTC_ca6ed] Error 1
make[1]: Leaving directory '/home/robin/slam_learn/ch5/joinMap/build/CMakeFiles/CMakeTmp'
Makefile:121: recipe for target 'cmTC_ca6ed/fast' failed
make: *** [cmTC_ca6ed/fast] Error 2


Source file was:
#include <pthread.h>

void* test_func(void* data)
{
  return data;
}

int main(void)
{
  pthread_t thread;
  pthread_create(&thread, NULL, test_func, NULL);
  pthread_detach(thread);
  pthread_join(thread, NULL);
  pthread_atfork(NULL, NULL, NULL);
  pthread_exit(NULL);

  return 0;
}

Determining if the function pthread_create exists in the pthreads failed with the following output:
Change Dir: /home/robin/slam_learn/ch5/joinMap/build/CMakeFiles/CMakeTmp

Run Build Command(s):/usr/bin/make cmTC_f3588/fast && /usr/bin/make -f CMakeFiles/cmTC_f3588.dir/build.make CMakeFiles/cmTC_f3588.dir/build
make[1]: Entering directory '/home/robin/slam_learn/ch5/joinMap/build/CMakeFiles/CMakeTmp'
Building C object CMakeFiles/cmTC_f3588.dir/CheckFunctionExists.c.o
/usr/lib/ccache/cc   -DCHECK_FUNCTION_EXISTS=pthread_create   -o CMakeFiles/cmTC_f3588.dir/CheckFunctionExists.c.o   -c /usr/local/share/cmake-3.15/Modules/CheckFunctionExists.c
Linking C executable cmTC_f3588
/usr/local/bin/cmake -E cmake_link_script CMakeFiles/cmTC_f3588.dir/link.txt --verbose=1
/usr/lib/ccache/cc  -DCHECK_FUNCTION_EXISTS=pthread_create    -rdynamic CMakeFiles/cmTC_f3588.dir/CheckFunctionExists.c.o  -o cmTC_f3588 -lpthreads 
/usr/bin/ld: cannot find -lpthreads
collect2: error: ld returned 1 exit status
CMakeFiles/cmTC_f3588.dir/build.make:86: recipe for target 'cmTC_f3588' failed
make[1]: *** [cmTC_f3588] Error 1
make[1]: Leaving directory '/home/robin/slam_learn/ch5/joinMap/build/CMakeFiles/CMakeTmp'
Makefile:121: recipe for target 'cmTC_f3588/fast' failed
make: *** [cmTC_f3588/fast] Error 2



